<?xml version="1.0" encoding="UTF-8"?>
<!-- Generated by org.testng.reporters.JUnitXMLReporter -->
<testsuite hostname="A2M0014" ignored="0" name="Default test(failed)" tests="3" failures="1" timestamp="04 May 2019 10:19:27 GMT" time="0.063" errors="0">
  <testcase name="createUser" time="0.019" classname="com.edureka.day8.TestNG">
    <failure type="java.lang.AssertionError" message="null">
      <![CDATA[java.lang.AssertionError: null
at com.edureka.day8.TestNG.createUser(TestNG.java:13)
... Removed 27 stack frames]]>
    </failure>
  </testcase> <!-- createUser -->
  <testcase name="deleteUser" time="0.0" classname="com.edureka.day8.TestNG">
    <skipped/>
  </testcase> <!-- deleteUser -->
  <testcase name="editUser" time="0.0" classname="com.edureka.day8.TestNG">
    <skipped/>
  </testcase> <!-- editUser -->
</testsuite> <!-- Default test(failed) -->
