<?xml version="1.0" encoding="UTF-8"?>
<!-- Generated by org.testng.reporters.JUnitXMLReporter -->
<testsuite hostname="A2M0014" ignored="8" name="PracTest" tests="3" failures="0" timestamp="21 Apr 2019 10:45:12 GMT" time="0.063" errors="0">
  <testcase name="testcase3" time="0.016" classname="com.edureka.day7.TestngAnnotations"/>
  <testcase name="testcase1" time="0.0" classname="com.edureka.day7.TestngPrac1"/>
  <testcase name="testcase3" time="0.0" classname="com.edureka.day7.TestngPrac1"/>
  <testcase name="testcase2" time="0.0" classname="com.edureka.day7.TestngPrac1">
    <ignored/>
  </testcase> <!-- testcase2 -->
  <testcase name="testcase1" time="0.0" classname="com.edureka.day7.TestngPrac">
    <ignored/>
  </testcase> <!-- testcase1 -->
  <testcase name="testcase3" time="0.0" classname="com.edureka.day7.TestngPrac">
    <ignored/>
  </testcase> <!-- testcase3 -->
  <testcase name="testcase4" time="0.0" classname="com.edureka.day7.TestngPrac1">
    <ignored/>
  </testcase> <!-- testcase4 -->
  <testcase name="testcase1" time="0.0" classname="com.edureka.day7.TestngAnnotations">
    <ignored/>
  </testcase> <!-- testcase1 -->
  <testcase name="testcase2" time="0.0" classname="com.edureka.day7.TestngAnnotations">
    <ignored/>
  </testcase> <!-- testcase2 -->
  <testcase name="testcase2" time="0.0" classname="com.edureka.day7.TestngPrac">
    <ignored/>
  </testcase> <!-- testcase2 -->
  <testcase name="testcase4" time="0.0" classname="com.edureka.day7.TestngPrac">
    <ignored/>
  </testcase> <!-- testcase4 -->
</testsuite> <!-- PracTest -->
