<?xml version="1.0" encoding="UTF-8"?>
<!-- Generated by org.testng.reporters.JUnitXMLReporter -->
<testsuite hostname="A2M0014" ignored="0" name="Test run 1" tests="4" failures="0" timestamp="21 Apr 2019 09:55:10 GMT" time="0.084" errors="0">
  <testcase name="testcase1" time="0.019" classname="com.edureka.day7.TestngPrac"/>
  <testcase name="testcase2" time="0.004" classname="com.edureka.day7.TestngPrac"/>
  <testcase name="testcase3" time="0.002" classname="com.edureka.day7.TestngPrac"/>
  <testcase name="testcase4" time="0.002" classname="com.edureka.day7.TestngPrac"/>
</testsuite> <!-- Test run 1 -->
