<?xml version="1.0" encoding="UTF-8"?>
<!-- Generated by org.testng.reporters.JUnitXMLReporter -->
<testsuite hostname="A2M0014" ignored="1" name="Test run 2" tests="3" failures="0" timestamp="21 Apr 2019 09:55:10 GMT" time="0.014" errors="0">
  <testcase name="testcase2" time="0.002" classname="com.edureka.day7.TestngPrac1"/>
  <testcase name="testcase1" time="0.002" classname="com.edureka.day7.TestngPrac1"/>
  <testcase name="testcase3" time="0.002" classname="com.edureka.day7.TestngPrac1"/>
  <testcase name="testcase4" time="0.0" classname="com.edureka.day7.TestngPrac1">
    <ignored/>
  </testcase> <!-- testcase4 -->
</testsuite> <!-- Test run 2 -->
