<?xml version="1.0" encoding="UTF-8"?>
<!-- Generated by org.testng.reporters.JUnitXMLReporter -->
<testsuite hostname="A2M0014" ignored="0" name="Chrome Test" tests="2" failures="0" timestamp="21 Apr 2019 10:35:43 GMT" time="79.357" errors="0">
  <testcase name="verifyLoginToGuru99" time="12.033" classname="com.edureka.day7.guru99ProjectUsingTestng"/>
  <testcase name="verifyTitleofthePage" time="0.024" classname="com.edureka.day7.guru99ProjectUsingTestng"/>
</testsuite> <!-- Chrome Test -->
